<?xml version="1.0" encoding="UTF-8"?>
<testsuite name="wmq.fly.swagger.SwaggerStaticDocTest" time="0.556" tests="1" errors="1" skipped="0" failures="0">
  <properties>
    <property name="java.runtime.name" value="Java(TM) SE Runtime Environment"/>
    <property name="sun.boot.library.path" value="C:\Program Files\Java\jdk1.8.0_101\jre\bin"/>
    <property name="java.vm.version" value="25.101-b13"/>
    <property name="java.vm.vendor" value="Oracle Corporation"/>
    <property name="maven.multiModuleProjectDirectory" value="C:/ww/workSpace/zbm/zbm"/>
    <property name="java.vendor.url" value="http://java.oracle.com/"/>
    <property name="path.separator" value=";"/>
    <property name="guice.disable.misplaced.annotation.check" value="true"/>
    <property name="java.vm.name" value="Java HotSpot(TM) 64-Bit Server VM"/>
    <property name="file.encoding.pkg" value="sun.io"/>
    <property name="user.script" value=""/>
    <property name="user.country" value="CN"/>
    <property name="sun.java.launcher" value="SUN_STANDARD"/>
    <property name="sun.os.patch.level" value=""/>
    <property name="java.vm.specification.name" value="Java Virtual Machine Specification"/>
    <property name="user.dir" value="C:\ww\workSpace\zbm\zbm"/>
    <property name="java.runtime.version" value="1.8.0_101-b13"/>
    <property name="java.awt.graphicsenv" value="sun.awt.Win32GraphicsEnvironment"/>
    <property name="java.endorsed.dirs" value="C:\Program Files\Java\jdk1.8.0_101\jre\lib\endorsed"/>
    <property name="os.arch" value="amd64"/>
    <property name="java.io.tmpdir" value="C:\Users\wkq77\AppData\Local\Temp\"/>
    <property name="line.separator" value="&#10;"/>
    <property name="java.vm.specification.vendor" value="Oracle Corporation"/>
    <property name="user.variant" value=""/>
    <property name="os.name" value="Windows 10"/>
    <property name="classworlds.conf" value="C:/ww/localRepository/apache-maven-3.3.9/bin/m2.conf"/>
    <property name="sun.jnu.encoding" value="GBK"/>
    <property name="java.library.path" value="C:\Program Files\Java\jdk1.8.0_101\bin;C:\WINDOWS\Sun\Java\bin;C:\WINDOWS\system32;C:\WINDOWS;C:\Users\wkq77\bin;C:\ww\anzhuang\Git\mingw32\bin;C:\ww\anzhuang\Git\usr\local\bin;C:\ww\anzhuang\Git\usr\bin;C:\ww\anzhuang\Git\usr\bin;C:\ww\anzhuang\Git\mingw32\bin;C:\ww\anzhuang\Git\usr\bin;C:\Users\wkq77\bin;C:\ww\anzhuang\app\oracle\product\11.2.0\server\bin;C:\Python27;C:\Python27\Scripts;C:\ProgramData\Oracle\Java\javapath;C:\WINDOWS\system32;C:\WINDOWS;C:\WINDOWS\System32\Wbem;C:\WINDOWS\System32\WindowsPowerShell\v1.0;C:\Program Files\Java\jdk1.8.0_101\bin;C:\Users\wkq77\AppData\Local\Android\Sdk\platform-tools;C:\Users\wkq77\AppData\Local\Android\Sdk\tools;C:\Users\wkq77\AppData\Local\Programs\Python\Python35;C:\Users\wkq77\AppData\Local\Programs\Python\Python35\Scripts;C:\Users\wkq77\AppData\Local\Android\Sdk\ndk-bundle;C:\Program Files\VisualSVN Server\bin;C:\Program Files\TortoiseSVN\bin;C:\Program Files\Microsoft SQL Server\Client SDK\ODBC\130\Tools\Binn;C:\Program Files (x86)\Microsoft SQL Server\130\Tools\Binn;C:\Program Files\Microsoft SQL Server\130\Tools\Binn;C:\Program Files\Microsoft SQL Server\130\DTS\Binn;C:\Program Files (x86)\Microsoft SQL Server\Client SDK\ODBC\130\Tools\Binn;C:\Program Files (x86)\Microsoft SQL Server\140\Tools\Binn;C:\Program Files (x86)\Microsoft SQL Server\140\DTS\Binn;C:\Program Files (x86)\Microsoft SQL Server\140\Tools\Binn\ManagementStudio;C:\Program Files (x86)\Skype\Phone;C:\Program Files\dotnet;C:\WINDOWS\System32\OpenSSH;C:\Program Files (x86)\Microsoft VS Code\bin;C:\Program Files\MySQL\MySQL Utilities 1.6;C:\ww\localRepository\apache-maven-3.3.9\bin;C:\ww\anzhuang\Git\cmd;C:\Users\wkq77\AppData\Local\Microsoft\WindowsApps;C:\Program Files (x86)\Microsoft VS Code\bin;C:\AppServ\Apache24\bin;C:\AppServ\php5;C:\AppServ\MySQL\bin;C:\Users\wkq77\AppData\Local\Programs\Fiddler;%USERPROFILE%\AppData\Local\Microsoft\WindowsApps;C:\ww\anzhuang\Git\usr\bin\vendor_perl;C:\ww\anzhuang\Git\usr\bin\core_perl;."/>
    <property name="java.specification.name" value="Java Platform API Specification"/>
    <property name="java.class.version" value="52.0"/>
    <property name="sun.management.compiler" value="HotSpot 64-Bit Tiered Compilers"/>
    <property name="os.version" value="10.0"/>
    <property name="user.home" value="C:\Users\wkq77"/>
    <property name="user.timezone" value="Asia/Shanghai"/>
    <property name="java.awt.printerjob" value="sun.awt.windows.WPrinterJob"/>
    <property name="java.specification.version" value="1.8"/>
    <property name="file.encoding" value="GBK"/>
    <property name="user.name" value="catfish"/>
    <property name="java.class.path" value="C:/ww/localRepository/apache-maven-3.3.9/boot/plexus-classworlds-2.5.2.jar"/>
    <property name="java.vm.specification.version" value="1.8"/>
    <property name="sun.arch.data.model" value="64"/>
    <property name="java.home" value="C:\Program Files\Java\jdk1.8.0_101\jre"/>
    <property name="sun.java.command" value="org.codehaus.plexus.classworlds.launcher.Launcher clean test"/>
    <property name="java.specification.vendor" value="Oracle Corporation"/>
    <property name="user.language" value="zh"/>
    <property name="awt.toolkit" value="sun.awt.windows.WToolkit"/>
    <property name="java.vm.info" value="mixed mode"/>
    <property name="java.version" value="1.8.0_101"/>
    <property name="java.ext.dirs" value="C:\Program Files\Java\jdk1.8.0_101\jre\lib\ext;C:\WINDOWS\Sun\Java\lib\ext"/>
    <property name="sun.boot.class.path" value="C:\Program Files\Java\jdk1.8.0_101\jre\lib\resources.jar;C:\Program Files\Java\jdk1.8.0_101\jre\lib\rt.jar;C:\Program Files\Java\jdk1.8.0_101\jre\lib\sunrsasign.jar;C:\Program Files\Java\jdk1.8.0_101\jre\lib\jsse.jar;C:\Program Files\Java\jdk1.8.0_101\jre\lib\jce.jar;C:\Program Files\Java\jdk1.8.0_101\jre\lib\charsets.jar;C:\Program Files\Java\jdk1.8.0_101\jre\lib\jfr.jar;C:\Program Files\Java\jdk1.8.0_101\jre\classes"/>
    <property name="java.vendor" value="Oracle Corporation"/>
    <property name="maven.home" value="C:\ww\localRepository\apache-maven-3.3.9"/>
    <property name="file.separator" value="\"/>
    <property name="java.vendor.url.bug" value="http://bugreport.sun.com/bugreport/"/>
    <property name="sun.cpu.endian" value="little"/>
    <property name="sun.io.unicode.encoding" value="UnicodeLittle"/>
    <property name="sun.desktop" value="windows"/>
    <property name="sun.cpu.isalist" value="amd64"/>
  </properties>
  <testcase name="TestApi" classname="wmq.fly.swagger.SwaggerStaticDocTest" time="0.556">
    <error message="org.apache.commons.lang3.StringUtils.isNoneBlank([Ljava/lang/CharSequence;)Z" type="java.lang.NoSuchMethodError">java.lang.NoSuchMethodError: org.apache.commons.lang3.StringUtils.isNoneBlank([Ljava/lang/CharSequence;)Z
	at io.github.robwin.swagger2markup.builder.document.OverviewDocument.overview(OverviewDocument.java:149)
	at io.github.robwin.swagger2markup.builder.document.OverviewDocument.build(OverviewDocument.java:76)
	at io.github.robwin.swagger2markup.Swagger2MarkupConverter.buildDocuments(Swagger2MarkupConverter.java:118)
	at io.github.robwin.swagger2markup.Swagger2MarkupConverter.intoFolder(Swagger2MarkupConverter.java:98)
	at wmq.fly.swagger.SwaggerStaticDocTest.Test(SwaggerStaticDocTest.java:47)
</error>
    <system-out><![CDATA[2018-10-08 21:45:03.106  INFO 10592 --- [           main] .b.t.c.SpringBootTestContextBootstrapper : Neither @ContextConfiguration nor @ContextHierarchy found for test class [wmq.fly.swagger.SwaggerStaticDocTest], using SpringBootContextLoader
2018-10-08 21:45:03.107  INFO 10592 --- [           main] o.s.t.c.support.AbstractContextLoader    : Could not detect default resource locations for test class [wmq.fly.swagger.SwaggerStaticDocTest]: no resource found for suffixes {-context.xml, Context.groovy}.
2018-10-08 21:45:03.107  INFO 10592 --- [           main] t.c.s.AnnotationConfigContextLoaderUtils : Could not detect default configuration classes for test class [wmq.fly.swagger.SwaggerStaticDocTest]: SwaggerStaticDocTest does not declare any static, non-private, non-final, nested classes annotated with @Configuration.
2018-10-08 21:45:03.113  INFO 10592 --- [           main] .b.t.c.SpringBootTestContextBootstrapper : Found @SpringBootConfiguration wmq.fly.TomcatApplication for test class wmq.fly.swagger.SwaggerStaticDocTest
2018-10-08 21:45:03.117  INFO 10592 --- [           main] .b.t.c.SpringBootTestContextBootstrapper : Loaded default TestExecutionListener class names from location [META-INF/spring.factories]: [org.springframework.boot.test.mock.mockito.MockitoTestExecutionListener, org.springframework.boot.test.mock.mockito.ResetMocksTestExecutionListener, org.springframework.boot.test.autoconfigure.restdocs.RestDocsTestExecutionListener, org.springframework.boot.test.autoconfigure.web.client.MockRestServiceServerResetTestExecutionListener, org.springframework.boot.test.autoconfigure.web.servlet.MockMvcPrintOnlyOnFailureTestExecutionListener, org.springframework.boot.test.autoconfigure.web.servlet.WebDriverTestExecutionListener, org.springframework.test.context.web.ServletTestExecutionListener, org.springframework.test.context.support.DirtiesContextBeforeModesTestExecutionListener, org.springframework.test.context.support.DependencyInjectionTestExecutionListener, org.springframework.test.context.support.DirtiesContextTestExecutionListener, org.springframework.test.context.transaction.TransactionalTestExecutionListener, org.springframework.test.context.jdbc.SqlScriptsTestExecutionListener]
2018-10-08 21:45:03.122  INFO 10592 --- [           main] .b.t.c.SpringBootTestContextBootstrapper : Using TestExecutionListeners: [org.springframework.test.context.web.ServletTestExecutionListener@3d40498a, org.springframework.test.context.support.DirtiesContextBeforeModesTestExecutionListener@14d1737a, org.springframework.boot.test.autoconfigure.SpringBootDependencyInjectionTestExecutionListener@482a58c7, org.springframework.test.context.support.DirtiesContextTestExecutionListener@3e74fd84, org.springframework.test.context.transaction.TransactionalTestExecutionListener@147efd9, org.springframework.test.context.jdbc.SqlScriptsTestExecutionListener@1e120628, org.springframework.boot.test.autoconfigure.web.servlet.WebDriverTestExecutionListener@4e4894d, org.springframework.boot.test.mock.mockito.MockitoTestExecutionListener@1de5cc88, org.springframework.boot.test.autoconfigure.web.servlet.MockMvcPrintOnlyOnFailureTestExecutionListener@23e2c1ca, org.springframework.boot.test.autoconfigure.web.client.MockRestServiceServerResetTestExecutionListener@2d4fb0d8, org.springframework.boot.test.autoconfigure.restdocs.RestDocsTestExecutionListener@dc1fadd, org.springframework.boot.test.mock.mockito.ResetMocksTestExecutionListener@3ef3f661]
                      __,,,,_
       _ __..-;''`--/'/ /.',-`-.
   (`/' ` |  \ \ \\ / / / / .-'/`,_
  /'`\ \   |  \ | \| // // / -.,/_,'-,
 /<7' ;  \ \  | ; ||/ /| | \/    |`-/,/-.,_,/')
/  _.-, `,-\,__|  _-| / \ \/|_/  |    '-/.;.\'
`-`  f/ ;      / __/ \__ `/ |__/ |
     `-'      |  -| =|\_  \  |-' |
           __/   /_..-' `  ),'  //
       fL ((__.-'((___..-'' \__.'
       
2018-10-08 21:45:03.251  INFO 10592 --- [           main] wmq.fly.swagger.SwaggerStaticDocTest     : Starting SwaggerStaticDocTest on DESKTOP-C7BB1LL with PID 10592 (started by catfish in C:\ww\workSpace\zbm\zbm)
2018-10-08 21:45:03.251  INFO 10592 --- [           main] wmq.fly.swagger.SwaggerStaticDocTest     : No active profile set, falling back to default profiles: default
2018-10-08 21:45:03.255  INFO 10592 --- [           main] o.s.w.c.s.GenericWebApplicationContext   : Refreshing org.springframework.web.context.support.GenericWebApplicationContext@1d283d1: startup date [Mon Oct 08 21:45:03 CST 2018]; root of context hierarchy
2018-10-08 21:45:04.866  INFO 10592 --- [           main] .s.d.r.c.RepositoryConfigurationDelegate : Multiple Spring Data modules found, entering strict repository configuration mode!
2018-10-08 21:45:04.988  INFO 10592 --- [           main] .s.d.r.c.RepositoryConfigurationDelegate : Multiple Spring Data modules found, entering strict repository configuration mode!
2018-10-08 21:45:05.255  INFO 10592 --- [           main] trationDelegate$BeanPostProcessorChecker : Bean 'redisConfig' of type [wmq.fly.redis.RedisConfig$$EnhancerBySpringCGLIB$$52a20d0] is not eligible for getting processed by all BeanPostProcessors (for example: not eligible for auto-proxying)
2018-10-08 21:45:05.261  INFO 10592 --- [           main] trationDelegate$BeanPostProcessorChecker : Bean 'org.springframework.transaction.annotation.ProxyTransactionManagementConfiguration' of type [org.springframework.transaction.annotation.ProxyTransactionManagementConfiguration$$EnhancerBySpringCGLIB$$c156776f] is not eligible for getting processed by all BeanPostProcessors (for example: not eligible for auto-proxying)
2018-10-08 21:45:05.284  INFO 10592 --- [           main] trationDelegate$BeanPostProcessorChecker : Bean 'org.springframework.cache.annotation.ProxyCachingConfiguration' of type [org.springframework.cache.annotation.ProxyCachingConfiguration$$EnhancerBySpringCGLIB$$a68ad8d] is not eligible for getting processed by all BeanPostProcessors (for example: not eligible for auto-proxying)
2018-10-08 21:45:05.800  INFO 10592 --- [           main] s.w.s.m.m.a.RequestMappingHandlerMapping : Mapped "{[/test/stuInfo/insertStuInfo]}" onto public java.lang.Object wmq.fly.junit.StuInfoJunitController.insertStuInfo(wmq.fly.mybatis.entity.StuInfo)
2018-10-08 21:45:05.800  INFO 10592 --- [           main] s.w.s.m.m.a.RequestMappingHandlerMapping : Mapped "{[/stuInfo/getAllStuInfo02]}" onto public java.lang.Object wmq.fly.mybatis.controller.StuInfoController.getAllStuInfo02()
2018-10-08 21:45:05.801  INFO 10592 --- [           main] s.w.s.m.m.a.RequestMappingHandlerMapping : Mapped "{[/stuInfo/insertStuInfo]}" onto public java.lang.Object wmq.fly.mybatis.controller.StuInfoController.insertStuInfo(wmq.fly.mybatis.entity.StuInfo,org.springframework.validation.BindingResult)
2018-10-08 21:45:05.801  INFO 10592 --- [           main] s.w.s.m.m.a.RequestMappingHandlerMapping : Mapped "{[/stuInfo/getAllStuInfo01]}" onto public java.lang.Object wmq.fly.mybatis.controller.StuInfoController.getAllStuInfo01()
2018-10-08 21:45:05.801  INFO 10592 --- [           main] s.w.s.m.m.a.RequestMappingHandlerMapping : Mapped "{[/stuInfo/getAllStuInfoA]}" onto public java.lang.Object wmq.fly.mybatis.controller.StuInfoController.getAllStuInfoA()
2018-10-08 21:45:05.801  INFO 10592 --- [           main] s.w.s.m.m.a.RequestMappingHandlerMapping : Mapped "{[/stuInfo/getAllStuInfo]}" onto public java.lang.Object wmq.fly.mybatis.controller.StuInfoController.getAllStuInfo()
2018-10-08 21:45:05.801  INFO 10592 --- [           main] s.w.s.m.m.a.RequestMappingHandlerMapping : Mapped "{[/teacherInfo/getAllTeacherInfo01]}" onto public java.lang.Object wmq.fly.mybatis.controller.TeacherInfoController.getAllTeacherInfo01()
2018-10-08 21:45:05.801  INFO 10592 --- [           main] s.w.s.m.m.a.RequestMappingHandlerMapping : Mapped "{[/teacherInfo/getAllTeacherInfo]}" onto public java.lang.Object wmq.fly.mybatis.controller.TeacherInfoController.getAllTeacherInfo()
2018-10-08 21:45:05.802  INFO 10592 --- [           main] s.w.s.m.m.a.RequestMappingHandlerMapping : Mapped "{[/stuInfoRedis/selectStuInfoById]}" onto wmq.fly.mybatis.entity.StuInfo wmq.fly.redis.StuInfoRedisController.selectStuInfoById(wmq.fly.mybatis.entity.StuInfo)
2018-10-08 21:45:05.802  INFO 10592 --- [           main] s.w.s.m.m.a.RequestMappingHandlerMapping : Mapped "{[/swagger/test],methods=[GET]}" onto public java.lang.Object wmq.fly.swagger.SwaggerController.swaggerTest(java.lang.Integer,java.lang.String,java.lang.String)
2018-10-08 21:45:05.803  INFO 10592 --- [           main] s.w.s.m.m.a.RequestMappingHandlerMapping : Mapped "{[/user/getUser],methods=[GET],produces=[application/json]}" onto public wmq.fly.swagger.User wmq.fly.swagger.UserController.getUser(java.lang.String)
2018-10-08 21:45:05.803  INFO 10592 --- [           main] s.w.s.m.m.a.RequestMappingHandlerMapping : Mapped "{[/user/addUser],methods=[POST],consumes=[application/json],produces=[application/json]}" onto public wmq.fly.swagger.User wmq.fly.swagger.UserController.addUser(wmq.fly.swagger.User)
2018-10-08 21:45:05.803  INFO 10592 --- [           main] s.w.s.m.m.a.RequestMappingHandlerMapping : Mapped "{[/getParamenters]}" onto public void wmq.fly.utils.GetParamenters.getParamenters(javax.servlet.http.HttpServletRequest,javax.servlet.http.HttpServletResponse) throws java.io.UnsupportedEncodingException
2018-10-08 21:45:05.804  INFO 10592 --- [           main] s.w.s.m.m.a.RequestMappingHandlerMapping : Mapped "{[/v2/api-docs],methods=[GET],produces=[application/json || application/hal+json]}" onto public org.springframework.http.ResponseEntity<springfox.documentation.spring.web.json.Json> springfox.documentation.swagger2.web.Swagger2Controller.getDocumentation(java.lang.String,javax.servlet.http.HttpServletRequest)
2018-10-08 21:45:05.805  INFO 10592 --- [           main] s.w.s.m.m.a.RequestMappingHandlerMapping : Mapped "{[/swagger-resources/configuration/security]}" onto org.springframework.http.ResponseEntity<springfox.documentation.swagger.web.SecurityConfiguration> springfox.documentation.swagger.web.ApiResourceController.securityConfiguration()
2018-10-08 21:45:05.805  INFO 10592 --- [           main] s.w.s.m.m.a.RequestMappingHandlerMapping : Mapped "{[/swagger-resources]}" onto org.springframework.http.ResponseEntity<java.util.List<springfox.documentation.swagger.web.SwaggerResource>> springfox.documentation.swagger.web.ApiResourceController.swaggerResources()
2018-10-08 21:45:05.805  INFO 10592 --- [           main] s.w.s.m.m.a.RequestMappingHandlerMapping : Mapped "{[/swagger-resources/configuration/ui]}" onto org.springframework.http.ResponseEntity<springfox.documentation.swagger.web.UiConfiguration> springfox.documentation.swagger.web.ApiResourceController.uiConfiguration()
2018-10-08 21:45:05.806  INFO 10592 --- [           main] s.w.s.m.m.a.RequestMappingHandlerMapping : Mapped "{[/error]}" onto public org.springframework.http.ResponseEntity<java.util.Map<java.lang.String, java.lang.Object>> org.springframework.boot.autoconfigure.web.BasicErrorController.error(javax.servlet.http.HttpServletRequest)
2018-10-08 21:45:05.807  INFO 10592 --- [           main] s.w.s.m.m.a.RequestMappingHandlerMapping : Mapped "{[/error],produces=[text/html]}" onto public org.springframework.web.servlet.ModelAndView org.springframework.boot.autoconfigure.web.BasicErrorController.errorHtml(javax.servlet.http.HttpServletRequest,javax.servlet.http.HttpServletResponse)
2018-10-08 21:45:06.160  INFO 10592 --- [           main] o.s.b.t.m.w.SpringBootMockServletContext : Initializing Spring FrameworkServlet ''
2018-10-08 21:45:06.160  INFO 10592 --- [           main] o.s.t.web.servlet.TestDispatcherServlet  : FrameworkServlet '': initialization started
2018-10-08 21:45:06.203  INFO 10592 --- [           main] o.s.w.s.handler.SimpleUrlHandlerMapping  : Mapped URL path [/webjars/**] onto handler of type [class org.springframework.web.servlet.resource.ResourceHttpRequestHandler]
2018-10-08 21:45:06.203  INFO 10592 --- [           main] o.s.w.s.handler.SimpleUrlHandlerMapping  : Mapped URL path [/**] onto handler of type [class org.springframework.web.servlet.resource.ResourceHttpRequestHandler]
2018-10-08 21:45:06.221  INFO 10592 --- [           main] o.s.w.s.handler.SimpleUrlHandlerMapping  : Mapped URL path [/**/favicon.ico] onto handler of type [class org.springframework.web.servlet.resource.ResourceHttpRequestHandler]
2018-10-08 21:45:06.345  INFO 10592 --- [           main] s.w.s.m.m.a.RequestMappingHandlerAdapter : Looking for @ControllerAdvice: org.springframework.web.context.support.GenericWebApplicationContext@1d283d1: startup date [Mon Oct 08 21:45:03 CST 2018]; root of context hierarchy
2018-10-08 21:45:06.423  INFO 10592 --- [           main] o.s.t.web.servlet.TestDispatcherServlet  : FrameworkServlet '': initialization completed in 263 ms
2018-10-08 21:45:06.657  INFO 10592 --- [           main] o.s.c.support.DefaultLifecycleProcessor  : Starting beans in phase 2147483647
2018-10-08 21:45:06.657  INFO 10592 --- [           main] d.s.w.p.DocumentationPluginsBootstrapper : Context refreshed
2018-10-08 21:45:06.658  INFO 10592 --- [           main] d.s.w.p.DocumentationPluginsBootstrapper : Found 1 custom documentation plugin(s)
2018-10-08 21:45:06.661  INFO 10592 --- [           main] s.d.s.w.s.ApiListingReferenceScanner     : Scanning for api listing references
2018-10-08 21:45:06.701  INFO 10592 --- [           main] wmq.fly.swagger.SwaggerStaticDocTest     : Started SwaggerStaticDocTest in 3.569 seconds (JVM running for 23.551)
reading from target/asciidoc/swagger.json

MockHttpServletRequest:
      HTTP Method = GET
      Request URI = /user/getUser
       Parameters = {name=[FLY]}
          Headers = {Accept=[application/json]}

Handler:
             Type = wmq.fly.swagger.UserController
           Method = public wmq.fly.swagger.User wmq.fly.swagger.UserController.getUser(java.lang.String)

Async:
    Async started = false
     Async result = null

Resolved Exception:
             Type = null

ModelAndView:
        View name = null
             View = null
            Model = null

FlashMap:
       Attributes = null

MockHttpServletResponse:
           Status = 200
    Error message = null
          Headers = {Content-Type=[application/json;charset=UTF-8]}
     Content type = application/json;charset=UTF-8
             Body = {"id":123456,"name":"FLY","age":25,"sex":"男","address":"河南郑州"}
    Forwarded URL = null
   Redirected URL = null
          Cookies = []

MockHttpServletRequest:
      HTTP Method = GET
      Request URI = /v2/api-docs
       Parameters = {}
          Headers = {Accept=[application/json]}

Handler:
             Type = springfox.documentation.swagger2.web.Swagger2Controller
           Method = public org.springframework.http.ResponseEntity<springfox.documentation.spring.web.json.Json> springfox.documentation.swagger2.web.Swagger2Controller.getDocumentation(java.lang.String,javax.servlet.http.HttpServletRequest)

Async:
    Async started = false
     Async result = null

Resolved Exception:
             Type = null

ModelAndView:
        View name = null
             View = null
            Model = null

FlashMap:
       Attributes = null

MockHttpServletResponse:
           Status = 200
    Error message = null
          Headers = {Content-Type=[application/json;charset=UTF-8]}
     Content type = application/json;charset=UTF-8
             Body = {"swagger":"2.0","info":{"description":"更多内容请关注：http://www.abc.com","version":"1.0","title":"Spring Boot中使用Swagger2 UI构建API文档","termsOfService":"www.abc.com","contact":{"name":"test"}},"host":"localhost:8080","basePath":"/","tags":[{"name":"UserApi","description":"用户基本信息操作API"},{"name":"用户操作接口","description":"Swagger Controller"}],"paths":{"/swagger/test":{"get":{"tags":["获取用户信息copy","用户操作接口"],"summary":"获取用户信息","description":"注意问题点","operationId":"swaggerTestUsingGET","consumes":["application/json"],"produces":["*/*"],"parameters":[{"name":"userId","in":"query","description":"用户ID","required":true,"type":"ref"},{"name":"password","in":"query","description":"旧密码","required":true,"type":"string"},{"name":"newPassword","in":"query","description":"新密码","required":true,"type":"string"}],"responses":{"200":{"description":"OK","schema":{"type":"object"}},"401":{"description":"Unauthorized"},"403":{"description":"Forbidden"},"404":{"description":"Not Found"}}}},"/user/addUser":{"post":{"tags":["UserApi"],"summary":"/addUser","description":"添加一个用户","operationId":"addUserUsingPOST","consumes":["application/json"],"produces":["application/json"],"parameters":[{"in":"body","name":"user","description":"user","required":true,"schema":{"$ref":"#/definitions/User"}}],"responses":{"200":{"description":"OK","schema":{"$ref":"#/definitions/User"}},"201":{"description":"Created"},"401":{"description":"Unauthorized"},"403":{"description":"Forbidden"},"404":{"description":"Not Found"}}}},"/user/getUser":{"get":{"tags":["UserApi"],"summary":"/getUser","description":"根据姓名查询用户信息","operationId":"getUserUsingGET","consumes":["application/json"],"produces":["application/json"],"parameters":[{"name":"name","in":"query","description":"name","required":true,"type":"string"}],"responses":{"200":{"description":"OK","schema":{"$ref":"#/definitions/User"}},"401":{"description":"Unauthorized"},"403":{"description":"Forbidden"},"404":{"description":"Not Found"}}}}},"definitions":{"User":{"type":"object","properties":{"address":{"type":"string","description":"家庭住址"},"age":{"type":"integer","format":"int32","description":"年龄"},"id":{"type":"integer","format":"int32","description":"证件号"},"name":{"type":"string","description":"姓名"},"sex":{"type":"string","description":"性别"}},"description":"用户信息描述"}}}
    Forwarded URL = null
   Redirected URL = null
          Cookies = []
]]></system-out>
  </testcase>
</testsuite>